time=1745645216 guess=-441854.000547 error=0.5094295936287381 port=16540 sign=YEJrUx1w0UAJsAYsfjk6q3Fs77HAiwH1GmFUrBVV9/M=
Submit blocked
time=1745645220 guess=-631538.570658 error=0.4825765894493088 port=16540 sign=c5GGWLb3469Yxg2x/PHd6/Uhhd/YU9VDKx5vE/o89nM=
time=1745645222 guess=-472939.245231 error=0.5071349090430886 port=16540 sign=tKDXi9KkcNFVSLqlOmEoqAZxfooorBeRDPFoJLUzN0U=
time=1745645224 guess=-259586.777329 error=0.549554378958419 port=16540 sign=clwDb1IOS0iXZVeUu6g49269UAXieQnyhJoTp2lTXDo=
Submit blocked
time=1745645229 guess=-335592.738357 error=196414.5107021057 port=16540 sign=ezI8R05DzO8PnDVW4/59A7sDIwemTUSK+b06Itdvrw4=
time=1745645231 guess=-155902.466586 error=261705.3128628661 port=16540 sign=7tqGSqf5CMKBG1qzg88KaE2zTFRFBKtjwlclhQihmVI=
time=1745645233 guess=904745.137768 error=1179164.5962378874 port=16540 sign=MU1YwBDxN4Iaxdp6VZ93ZBFrqMOarFbW+QrnGRpsYRU=
Submit blocked
Submit blocked
Submit blocked
time=1745645241 guess=-280696.013777 error=0.19332404813030735 port=16540 sign=z/Uaiz8JXoappQkZQ5sBpu1hCcl+tS/uX/ZBlkUyhnc=
Submit blocked
Submit blocked
Submit blocked
time=1745645250 guess=535360.829238 error=539759.2162939265 port=16540 sign=a24QYNg4/T2p+tua+fSGSyOmv6Aep6aLiO0B/pw9usI=
time=1745645252 guess=-80834.620589 error=0.10539187029644381 port=16540 sign=A+xjzyDvDVRh4FaO+ovfMzIJfHNHbvnH4k8xjlR7Km8=
Submit blocked
time=1745645257 guess=-240925.508766 error=1136526.8180197587 port=16540 sign=iiZgnqt4ULFjUpOlCkWm+/bkPjO58gELsD5Na3okCi4=
Submit blocked
Submit blocked
time=1745645263 guess=-778521.784481 error=992379.8040449035 port=16540 sign=mMK7KXBd6kjxLZK7mtAenZ98DHoQJXAXIhXo93y8pAk=
time=1745645265 guess=585117.377723 error=157911.08703122113 port=16540 sign=aY2u0gGoIlPhqq35YQt2ZaIOLDhrXh2rTpZfWbaVO+k=
Submit blocked
Submit blocked
Submit blocked
Submit blocked
time=1745645276 guess=-15093.989424 error=815760.9939752228 port=16540 sign=Yf2YIU9/ncKeQL1msUvXZiTdnG/5wOmmYq0XmuwaS0I=
Submit blocked
time=1745645280 guess=-181108.198517 error=0.34432827099226415 port=16540 sign=5D0qHoLyYFUwQ0Y0E/xRp7dAO2kFW265T3InD+BtB5A=
time=1745645282 guess=730917.014520 error=1.2629868099465966 port=16540 sign=utpfRsvbAj9wIaBQ12TiuJvrLZJ9ONK2+eXIy0yEE4k=
time=1745645284 guess=-174398.517616 error=0.4613490386400372 port=16540 sign=5NNUvTX/POxaKf71/9WkQek5lpgLYX5cxAzZlTwbaIQ=
Submit blocked
time=1745645289 guess=-316839.156738 error=886695.2491323327 port=16540 sign=YomWkdN4+aFsx9PXg3rp8S5sMmr3QmVUsUOYppUKBhU=
Submit blocked
Submit blocked
time=1745645295 guess=251948.436111 error=0.642673700756859 port=16540 sign=a61Eq7zoH44vrBVgLEumQwjOGH3ekxHyp/XdVFmrG60=
Submit blocked
time=1745645300 guess=139524.574834 error=752645.2263264811 port=16540 sign=QuTAOpHShl/DwVhg3+khZB4lBkx9KrLbaNuyEJuiz5Q=
time=1745645302 guess=835374.643272 error=0.11062339053023607 port=16540 sign=LNDQSKqNh/gUCIJuw4YDx1zhd7Jot6af579El7SqU44=
Submit blocked
Submit blocked
Submit blocked
Submit blocked
time=1745645312 guess=950241.663320 error=0.48206576611846685 port=16540 sign=XVT9HRc6IuZ4gXSU1G6LskYIK4WhiJGIY87J/34mvQ0=
Submit blocked
Submit blocked
Submit blocked
time=1745645320 guess=-160556.008750 error=0.45222731473040767 port=16540 sign=zrs7Tq2KTwwuw0ROk1OZmmcr63umrHJBv4SKS0SSM3Q=
time=1745645322 guess=-107095.698489 error=0.201875581900822 port=16540 sign=Qo7h/bkeNyrKPWjSjt3EaO+YIMrfinn/Yu3gqiawbGw=
time=1745645325 guess=-805030.101202 error=1128295.6633748258 port=16540 sign=s8Y55pubHnSrJcUKlQe5uiuVLVSRoer4NDy65XKn6EI=
Submit blocked
Submit blocked
Submit blocked
time=1745645334 guess=-911497.827089 error=1868104.018279684 port=16540 sign=oadSvoH9G7IrQdOZF6nzcsq3RYGRkDv5UcfCZ8na6Kg=
time=1745645336 guess=61061.883855 error=621142.6132244068 port=16540 sign=1p4jQDXngrXzI0X+uiz/cWPWMv1O4HvjagbXyR6f6tg=
Submit blocked
Submit blocked
Submit blocked
time=1745645345 guess=455348.447042 error=0.17573070211801678 port=16540 sign=cX6+ZTxQCkgVjK+hC5yn1rB2SlleyDx/u3EEFF/3xhg=
Submit blocked
time=1745645349 guess=165497.329093 error=0.14096118646557443 port=16540 sign=gEF2b97sl9ZVVZbrKaALiKbSYkKDPHBxxTiJ4PvYAz8=
time=1745645352 guess=117773.446457 error=1103208.79392315 port=16540 sign=2QeuW5/7gt6gkIdWZ19n4ImTZkzfCcbpDswIYef0X68=
Submit blocked
time=1745645366 guess=744374.500180 error=1.162747930153273 port=16540 sign=RRRCV0roTCxPADWydONPsrJ/1AvZweO8zCQ5kAU4rBg=
time=1745645373 guess=-764260.390018 error=1228815.4349303287 port=16540 sign=InWBIBdfHII8ryHQTauN5XQd8MS1ZAa9gqL6HBR8//Y=
time=1745645375 guess=-231667.602399 error=470918.4528464648 port=16540 sign=SgX9jUUnb/BS9kkGU0kkb7GA3kFRnZPctcKDepVCzno=
time=1745645377 guess=123381.967892 error=0.6227894168550847 port=16540 sign=EVfOR7/HiwVdkxq6mBklu+INnmOg26uwmIkIbZ7qJGM=
time=1745645380 guess=714080.900391 error=269489.7581587061 port=16540 sign=0UgbEFT5PLt3sEri/zdkA7h79jlkG6VGg42ZukWxums=
time=1745645383 guess=-596452.208077 error=0.05097447196021676 port=16540 sign=OtygJcUbUdNFnv7paKKcME+6LSH4PATRioY4LZeUoQA=
Submit blocked
time=1745645388 guess=185377.754900 error=456626.7106226951 port=16540 sign=wNUHDgolFoWE3l3ieneXzGYl47gVPJgNMbarc+fs024=
time=1745645390 guess=-836187.483732 error=0.8015910105314106 port=16540 sign=bgSCtTCB0IRnkfckVPhc8fIn88nMGpftJIrlprUONec=
Submit blocked
time=1745645395 guess=977138.577305 error=1531439.1430154892 port=16540 sign=LAQyqLz8vOVjf6JL9ZhruObP2OSeb4kvw+SPGMxbrlc=
time=1745645398 guess=485411.191742 error=679365.6398065607 port=16540 sign=fljFOkEA22jDo/OBoPz5tNVelTqrVfbvL4QpEJ5huHM=
time=1745645401 guess=299190.216366 error=925651.6007217987 port=16540 sign=1ydTBMRuajQ6XfoqCnPcOhAcaWwLU0Vieoym0QiLH6Y=
time=1745645404 guess=-100786.235741 error=874136.1151476065 port=16540 sign=wFItjIu1ipNzTyd3OKfFdu99uoQZHfhHoF/Es8x7qOs=
time=1745645409 guess=-391717.987000 error=1014229.2850411213 port=16540 sign=Zew3JWJjev3ElUzstQhXxhUiy9SW3c0GKewuMZvF0XI=
Submit blocked
time=1745645421 guess=-587870.356275 error=485544.6477263838 port=16540 sign=ZulZyJ2n9YARdH7aDEcB4pnConJshX4MvPZ330rHu5I=
Submit blocked
